<?xml version="1.0" encoding="UTF-8"?>
<!-- Generated by org.testng.reporters.JUnitXMLReporter -->
<testsuite ignored="3" hostname="LAPTOP-1311K3P6" failures="0" tests="1" name="Default test" time="9.511" errors="0" timestamp="2025-05-25T21:47:38 BST">
  <testcase classname="com.crm.qa.test.LoginPageTest" name="registerNewUser" time="4.171"/>
  <testcase classname="com.crm.qa.test.LoginPageTest" name="validateGotoRegister" time="0.0">
    <ignored/>
  </testcase> <!-- validateGotoRegister -->
  <testcase classname="com.crm.qa.test.LoginPageTest" name="validateLogin" time="0.0">
    <ignored/>
  </testcase> <!-- validateLogin -->
  <testcase classname="com.crm.qa.test.LoginPageTest" name="validateLoginPageTitle" time="0.0">
    <ignored/>
  </testcase> <!-- validateLoginPageTitle -->
</testsuite> <!-- Default test -->
