<?xml version="1.0" encoding="UTF-8"?>
<testng-results ignored="3" total="4" passed="1" failed="0" skipped="0">
  <reporter-output>
  </reporter-output>
  <suite started-at="2025-05-25T21:47:29 BST" name="Default suite" finished-at="2025-05-25T21:47:38 BST" duration-ms="9511">
    <groups>
    </groups>
    <test started-at="2025-05-25T21:47:29 BST" name="Default test" finished-at="2025-05-25T21:47:38 BST" duration-ms="9511">
      <class name="com.crm.qa.test.LoginPageTest">
        <test-method is-config="true" signature="setup()[pri:0, instance:com.crm.qa.test.LoginPageTest@3857f613]" started-at="2025-05-25T21:47:29 BST" name="setup" finished-at="2025-05-25T21:47:33 BST" duration-ms="4359" status="PASS">
          <reporter-output>
          </reporter-output>
        </test-method> <!-- setup -->
        <test-method signature="registerNewUser(java.lang.String,java.lang.String,java.lang.String,java.lang.String,java.lang.String,java.lang.String,java.lang.String,java.lang.String,java.lang.String,java.lang.String)[pri:0, instance:com.crm.qa.test.LoginPageTest@3857f613]" started-at="2025-05-25T21:47:33 BST" name="registerNewUser" data-provider="getUserData" finished-at="2025-05-25T21:47:38 BST" duration-ms="4171" status="PASS">
          <params>
            <param index="0">
              <value>
                <![CDATA[Harshada]]>
              </value>
            </param>
            <param index="1">
              <value>
                <![CDATA[Patil]]>
              </value>
            </param>
            <param index="2">
              <value>
                <![CDATA[India]]>
              </value>
            </param>
            <param index="3">
              <value>
                <![CDATA[Jalgaon]]>
              </value>
            </param>
            <param index="4">
              <value>
                <![CDATA[Maha]]>
              </value>
            </param>
            <param index="5">
              <value>
                <![CDATA[145632.0]]>
              </value>
            </param>
            <param index="6">
              <value>
                <![CDATA[7.89654133E9]]>
              </value>
            </param>
            <param index="7">
              <value>
                <![CDATA[456321.0]]>
              </value>
            </param>
            <param index="8">
              <value>
                <![CDATA[dimple1]]>
              </value>
            </param>
            <param index="9">
              <value>
                <![CDATA[Test@123]]>
              </value>
            </param>
          </params>
          <reporter-output>
          </reporter-output>
        </test-method> <!-- registerNewUser -->
        <test-method is-config="true" signature="tearDown(org.testng.ITestResult)[pri:0, instance:com.crm.qa.test.LoginPageTest@3857f613]" started-at="2025-05-25T21:47:38 BST" name="tearDown" finished-at="2025-05-25T21:47:38 BST" duration-ms="601" status="PASS">
          <params>
            <param index="0">
              <value>
                <![CDATA[[TestResult name=registerNewUser status=SUCCESS method=LoginPageTest.registerNewUser(java.lang.String,java.lang.String,java.lang.String,java.lang.String,java.lang.String,java.lang.String,java.lang.String,java.lang.String,java.lang.String,java.lang.String)[pri:0, instance:com.crm.qa.test.LoginPageTest@3857f613] output={null}]]]>
              </value>
            </param>
          </params>
          <reporter-output>
          </reporter-output>
        </test-method> <!-- tearDown -->
      </class> <!-- com.crm.qa.test.LoginPageTest -->
    </test> <!-- Default test -->
  </suite> <!-- Default suite -->
</testng-results>
