<?xml version="1.0" encoding="UTF-8"?>
<!-- Generated by org.testng.reporters.JUnitXMLReporter -->
<testsuite ignored="2" hostname="LAPTOP-1311K3P6" failures="0" tests="0" name="Bank App Testcases" time="24.216" errors="0" timestamp="2025-07-09T16:40:50 BST">
  <testcase classname="com.crm.qa.test.LoginPageTest" name="validateLoginPageTitle" time="0.0">
    <ignored/>
  </testcase> <!-- validateLoginPageTitle -->
  <testcase classname="com.crm.qa.test.LoginPageTest" name="validateGotoRegister" time="0.0">
    <ignored/>
  </testcase> <!-- validateGotoRegister -->
</testsuite> <!-- Bank App Testcases -->
